d:\daniel\gc\proyectosig_vs17_gl_fg_glm\ig2app\debug\vc141.pdb
d:\daniel\gc\proyectosig_vs17_gl_fg_glm\ig2app\debug\vc141.idb
d:\daniel\gc\proyectosig_vs17_gl_fg_glm\ig2app\debug\viewport.obj
d:\daniel\gc\proyectosig_vs17_gl_fg_glm\ig2app\debug\scene.obj
d:\daniel\gc\proyectosig_vs17_gl_fg_glm\ig2app\debug\pixmap32rgba.obj
d:\daniel\gc\proyectosig_vs17_gl_fg_glm\ig2app\debug\mesh.obj
d:\daniel\gc\proyectosig_vs17_gl_fg_glm\ig2app\debug\main.obj
d:\daniel\gc\proyectosig_vs17_gl_fg_glm\ig2app\debug\lights.obj
d:\daniel\gc\proyectosig_vs17_gl_fg_glm\ig2app\debug\entity.obj
d:\daniel\gc\proyectosig_vs17_gl_fg_glm\ig2app\debug\element.obj
d:\daniel\gc\proyectosig_vs17_gl_fg_glm\ig2app\debug\camera.obj
d:\daniel\gc\proyectosig_vs17_gl_fg_glm\bin\ig2appdebug.ilk
d:\daniel\gc\proyectosig_vs17_gl_fg_glm\bin\ig2appdebug.exe
d:\daniel\gc\proyectosig_vs17_gl_fg_glm\bin\ig2appdebug.pdb
d:\daniel\gc\proyectosig_vs17_gl_fg_glm\ig2app\debug\ig2app.tlog\cl.command.1.tlog
d:\daniel\gc\proyectosig_vs17_gl_fg_glm\ig2app\debug\ig2app.tlog\cl.read.1.tlog
d:\daniel\gc\proyectosig_vs17_gl_fg_glm\ig2app\debug\ig2app.tlog\cl.write.1.tlog
d:\daniel\gc\proyectosig_vs17_gl_fg_glm\ig2app\debug\ig2app.tlog\link.command.1.tlog
d:\daniel\gc\proyectosig_vs17_gl_fg_glm\ig2app\debug\ig2app.tlog\link.read.1.tlog
d:\daniel\gc\proyectosig_vs17_gl_fg_glm\ig2app\debug\ig2app.tlog\link.write.1.tlog
