c:\hlocal\proyectosig_vs17_gl_fg_glm\ig2app\x64\debug\vc141.pdb
c:\hlocal\proyectosig_vs17_gl_fg_glm\ig2app\x64\debug\vc141.idb
c:\hlocal\proyectosig_vs17_gl_fg_glm\ig2app\x64\debug\viewport.obj
c:\hlocal\proyectosig_vs17_gl_fg_glm\ig2app\x64\debug\pixmap32rgba.obj
c:\hlocal\proyectosig_vs17_gl_fg_glm\ig2app\x64\debug\mesh.obj
c:\hlocal\proyectosig_vs17_gl_fg_glm\ig2app\x64\debug\scene.obj
c:\hlocal\proyectosig_vs17_gl_fg_glm\ig2app\x64\debug\main.obj
c:\hlocal\proyectosig_vs17_gl_fg_glm\ig2app\x64\debug\entity.obj
c:\hlocal\proyectosig_vs17_gl_fg_glm\ig2app\x64\debug\element.obj
c:\hlocal\proyectosig_vs17_gl_fg_glm\ig2app\x64\debug\camera.obj
c:\hlocal\proyectosig_vs17_gl_fg_glm\ig2app\x64\debug\ig2app.tlog\cl.command.1.tlog
c:\hlocal\proyectosig_vs17_gl_fg_glm\ig2app\x64\debug\ig2app.tlog\cl.read.1.tlog
c:\hlocal\proyectosig_vs17_gl_fg_glm\ig2app\x64\debug\ig2app.tlog\cl.write.1.tlog
c:\hlocal\proyectosig_vs17_gl_fg_glm\ig2app\x64\debug\ig2app.tlog\link-cvtres.read.1.tlog
c:\hlocal\proyectosig_vs17_gl_fg_glm\ig2app\x64\debug\ig2app.tlog\link-cvtres.write.1.tlog
c:\hlocal\proyectosig_vs17_gl_fg_glm\ig2app\x64\debug\ig2app.tlog\link-rc.read.1.tlog
c:\hlocal\proyectosig_vs17_gl_fg_glm\ig2app\x64\debug\ig2app.tlog\link-rc.write.1.tlog
c:\hlocal\proyectosig_vs17_gl_fg_glm\ig2app\x64\debug\ig2app.tlog\link.command.1.tlog
c:\hlocal\proyectosig_vs17_gl_fg_glm\ig2app\x64\debug\ig2app.tlog\link.read.1.tlog
c:\hlocal\proyectosig_vs17_gl_fg_glm\ig2app\x64\debug\ig2app.tlog\link.write.1.tlog
